d:\programming\assignment\assignment\x64\debug\vc143.pdb
d:\programming\assignment\assignment\x64\debug\vc143.idb
d:\programming\assignment\assignment\x64\debug\world.obj
d:\programming\assignment\assignment\x64\debug\tilesset.obj
d:\programming\assignment\assignment\x64\debug\main.obj
d:\programming\assignment\assignment\x64\debug\constvalues.obj
d:\programming\assignment\assignment\x64\debug\camera.obj
d:\programming\assignment\assignment\x64\debug\npc.obj
d:\programming\assignment\assignment\x64\debug\gameobject.obj
d:\programming\assignment\assignment\x64\debug\player.obj
d:\programming\assignment\assignment\x64\debug\projectiles.obj
d:\programming\assignment\assignment\x64\debug\projsmanager.obj
d:\programming\assignment\assignment\x64\debug\assignment.ilk
d:\programming\assignment\x64\debug\assignment.pdb
d:\programming\assignment\assignment\x64\debug\assignment.tlog\cl.command.1.tlog
d:\programming\assignment\assignment\x64\debug\assignment.tlog\cl.items.tlog
d:\programming\assignment\assignment\x64\debug\assignment.tlog\cl.read.1.tlog
d:\programming\assignment\assignment\x64\debug\assignment.tlog\cl.write.1.tlog
d:\programming\assignment\assignment\x64\debug\assignment.tlog\link-cvtres.read.1.tlog
d:\programming\assignment\assignment\x64\debug\assignment.tlog\link-cvtres.write.1.tlog
d:\programming\assignment\assignment\x64\debug\assignment.tlog\link-rc.read.1.tlog
d:\programming\assignment\assignment\x64\debug\assignment.tlog\link-rc.write.1.tlog
d:\programming\assignment\assignment\x64\debug\assignment.tlog\link.38996-cvtres.read.1.tlog
d:\programming\assignment\assignment\x64\debug\assignment.tlog\link.38996-cvtres.write.1.tlog
d:\programming\assignment\assignment\x64\debug\assignment.tlog\link.38996-rc.read.1.tlog
d:\programming\assignment\assignment\x64\debug\assignment.tlog\link.38996-rc.write.1.tlog
d:\programming\assignment\assignment\x64\debug\assignment.tlog\link.38996.read.1.tlog
d:\programming\assignment\assignment\x64\debug\assignment.tlog\link.38996.read.2.tlog
d:\programming\assignment\assignment\x64\debug\assignment.tlog\link.38996.read.3.tlog
d:\programming\assignment\assignment\x64\debug\assignment.tlog\link.38996.read.4.tlog
d:\programming\assignment\assignment\x64\debug\assignment.tlog\link.38996.write.1.tlog
d:\programming\assignment\assignment\x64\debug\assignment.tlog\link.command.1.tlog
d:\programming\assignment\assignment\x64\debug\assignment.tlog\link.read.1.tlog
d:\programming\assignment\assignment\x64\debug\assignment.tlog\link.read.2.tlog
d:\programming\assignment\assignment\x64\debug\assignment.tlog\link.read.3.tlog
d:\programming\assignment\assignment\x64\debug\assignment.tlog\link.read.4.tlog
d:\programming\assignment\assignment\x64\debug\assignment.tlog\link.secondary.1.tlog
d:\programming\assignment\assignment\x64\debug\assignment.tlog\link.write.1.tlog
